<?xml version="1.0" encoding="UTF-8"?>
<testng-results skipped="0" failed="0" total="1" passed="1">
  <reporter-output>
  </reporter-output>
  <suite name="TestRunner" duration-ms="4905" started-at="2016-01-15T23:31:02Z" finished-at="2016-01-15T23:31:07Z">
    <groups>
    </groups>
    <test name="Package with subpackages" duration-ms="4905" started-at="2016-01-15T23:31:02Z" finished-at="2016-01-15T23:31:07Z">
      <class name="com.test.integration.IntegrationTestNGTest">
        <test-method status="PASS" signature="setupServerBeforeTestRun()[pri:0, instance:com.test.integration.IntegrationTestNGTest@2ea22081]" name="setupServerBeforeTestRun" is-config="true" duration-ms="4799" started-at="2016-01-15T15:31:02Z" finished-at="2016-01-15T15:31:07Z">
          <reporter-output>
          </reporter-output>
        </test-method> <!-- setupServerBeforeTestRun -->
        <test-method status="PASS" signature="randomTest()[pri:0, instance:com.test.integration.IntegrationTestNGTest@2ea22081]" name="randomTest" duration-ms="48" started-at="2016-01-15T15:31:07Z" finished-at="2016-01-15T15:31:07Z">
          <reporter-output>
          </reporter-output>
        </test-method> <!-- randomTest -->
      </class> <!-- com.test.integration.IntegrationTestNGTest -->
    </test> <!-- Package with subpackages -->
  </suite> <!-- TestRunner -->
</testng-results>
